{"C:\\SE-lab\\nextDate-683935-17594979249777\\src\\nextDate.js": {"path":"C:\\SE-lab\\nextDate-683935-17594979249777\\src\\nextDate.js","statementMap":{"0":{"start":{"line":3,"column":2},"end":{"line":9,"column":3}},"1":{"start":{"line":8,"column":4},"end":{"line":8,"column":37}},"2":{"start":{"line":10,"column":2},"end":{"line":12,"column":3}},"3":{"start":{"line":11,"column":4},"end":{"line":11,"column":33}},"4":{"start":{"line":13,"column":2},"end":{"line":15,"column":3}},"5":{"start":{"line":14,"column":4},"end":{"line":14,"column":35}},"6":{"start":{"line":16,"column":2},"end":{"line":18,"column":3}},"7":{"start":{"line":17,"column":4},"end":{"line":17,"column":34}},"8":{"start":{"line":20,"column":16},"end":{"line":20,"column":19}},"9":{"start":{"line":21,"column":18},"end":{"line":21,"column":23}},"10":{"start":{"line":22,"column":17},"end":{"line":22,"column":21}},"11":{"start":{"line":23,"column":24},"end":{"line":23,"column":43}},"12":{"start":{"line":24,"column":25},"end":{"line":24,"column":38}},"13":{"start":{"line":25,"column":2},"end":{"line":71,"column":3}},"14":{"start":{"line":26,"column":4},"end":{"line":31,"column":5}},"15":{"start":{"line":27,"column":6},"end":{"line":27,"column":28}},"16":{"start":{"line":29,"column":6},"end":{"line":29,"column":18}},"17":{"start":{"line":30,"column":6},"end":{"line":30,"column":32}},"18":{"start":{"line":32,"column":9},"end":{"line":71,"column":3}},"19":{"start":{"line":33,"column":4},"end":{"line":38,"column":5}},"20":{"start":{"line":34,"column":6},"end":{"line":34,"column":28}},"21":{"start":{"line":36,"column":6},"end":{"line":36,"column":18}},"22":{"start":{"line":37,"column":6},"end":{"line":37,"column":32}},"23":{"start":{"line":39,"column":9},"end":{"line":71,"column":3}},"24":{"start":{"line":40,"column":4},"end":{"line":50,"column":5}},"25":{"start":{"line":41,"column":6},"end":{"line":41,"column":28}},"26":{"start":{"line":43,"column":6},"end":{"line":43,"column":18}},"27":{"start":{"line":44,"column":6},"end":{"line":44,"column":20}},"28":{"start":{"line":45,"column":6},"end":{"line":49,"column":7}},"29":{"start":{"line":46,"column":8},"end":{"line":46,"column":35}},"30":{"start":{"line":48,"column":8},"end":{"line":48,"column":32}},"31":{"start":{"line":52,"column":4},"end":{"line":70,"column":5}},"32":{"start":{"line":53,"column":6},"end":{"line":53,"column":28}},"33":{"start":{"line":54,"column":11},"end":{"line":70,"column":5}},"34":{"start":{"line":55,"column":6},"end":{"line":60,"column":7}},"35":{"start":{"line":56,"column":8},"end":{"line":56,"column":30}},"36":{"start":{"line":58,"column":8},"end":{"line":58,"column":20}},"37":{"start":{"line":59,"column":8},"end":{"line":59,"column":22}},"38":{"start":{"line":61,"column":11},"end":{"line":70,"column":5}},"39":{"start":{"line":62,"column":6},"end":{"line":67,"column":7}},"40":{"start":{"line":63,"column":8},"end":{"line":63,"column":20}},"41":{"start":{"line":64,"column":8},"end":{"line":64,"column":22}},"42":{"start":{"line":66,"column":8},"end":{"line":66,"column":36}},"43":{"start":{"line":69,"column":6},"end":{"line":69,"column":34}},"44":{"start":{"line":72,"column":15},"end":{"line":72,"column":64}},"45":{"start":{"line":73,"column":2},"end":{"line":73,"column":16}},"46":{"start":{"line":76,"column":0},"end":{"line":76,"column":26}}},"fnMap":{"0":{"name":"nextDate","decl":{"start":{"line":1,"column":9},"end":{"line":1,"column":17}},"loc":{"start":{"line":1,"column":36},"end":{"line":74,"column":1}},"line":1}},"branchMap":{"0":{"loc":{"start":{"line":3,"column":2},"end":{"line":9,"column":3}},"type":"if","locations":[{"start":{"line":3,"column":2},"end":{"line":9,"column":3}},{"start":{},"end":{}}],"line":3},"1":{"loc":{"start":{"line":4,"column":4},"end":{"line":6,"column":27}},"type":"binary-expr","locations":[{"start":{"line":4,"column":4},"end":{"line":4,"column":26}},{"start":{"line":5,"column":4},"end":{"line":5,"column":28}},{"start":{"line":6,"column":4},"end":{"line":6,"column":27}}],"line":4},"2":{"loc":{"start":{"line":10,"column":2},"end":{"line":12,"column":3}},"type":"if","locations":[{"start":{"line":10,"column":2},"end":{"line":12,"column":3}},{"start":{},"end":{}}],"line":10},"3":{"loc":{"start":{"line":10,"column":6},"end":{"line":10,"column":25}},"type":"binary-expr","locations":[{"start":{"line":10,"column":6},"end":{"line":10,"column":13}},{"start":{"line":10,"column":17},"end":{"line":10,"column":25}}],"line":10},"4":{"loc":{"start":{"line":13,"column":2},"end":{"line":15,"column":3}},"type":"if","locations":[{"start":{"line":13,"column":2},"end":{"line":15,"column":3}},{"start":{},"end":{}}],"line":13},"5":{"loc":{"start":{"line":13,"column":6},"end":{"line":13,"column":29}},"type":"binary-expr","locations":[{"start":{"line":13,"column":6},"end":{"line":13,"column":15}},{"start":{"line":13,"column":19},"end":{"line":13,"column":29}}],"line":13},"6":{"loc":{"start":{"line":16,"column":2},"end":{"line":18,"column":3}},"type":"if","locations":[{"start":{"line":16,"column":2},"end":{"line":18,"column":3}},{"start":{},"end":{}}],"line":16},"7":{"loc":{"start":{"line":16,"column":6},"end":{"line":16,"column":32}},"type":"binary-expr","locations":[{"start":{"line":16,"column":6},"end":{"line":16,"column":17}},{"start":{"line":16,"column":21},"end":{"line":16,"column":32}}],"line":16},"8":{"loc":{"start":{"line":25,"column":2},"end":{"line":71,"column":3}},"type":"if","locations":[{"start":{"line":25,"column":2},"end":{"line":71,"column":3}},{"start":{"line":32,"column":9},"end":{"line":71,"column":3}}],"line":25},"9":{"loc":{"start":{"line":26,"column":4},"end":{"line":31,"column":5}},"type":"if","locations":[{"start":{"line":26,"column":4},"end":{"line":31,"column":5}},{"start":{"line":28,"column":11},"end":{"line":31,"column":5}}],"line":26},"10":{"loc":{"start":{"line":32,"column":9},"end":{"line":71,"column":3}},"type":"if","locations":[{"start":{"line":32,"column":9},"end":{"line":71,"column":3}},{"start":{"line":39,"column":9},"end":{"line":71,"column":3}}],"line":32},"11":{"loc":{"start":{"line":33,"column":4},"end":{"line":38,"column":5}},"type":"if","locations":[{"start":{"line":33,"column":4},"end":{"line":38,"column":5}},{"start":{"line":35,"column":11},"end":{"line":38,"column":5}}],"line":33},"12":{"loc":{"start":{"line":39,"column":9},"end":{"line":71,"column":3}},"type":"if","locations":[{"start":{"line":39,"column":9},"end":{"line":71,"column":3}},{"start":{"line":51,"column":9},"end":{"line":71,"column":3}}],"line":39},"13":{"loc":{"start":{"line":40,"column":4},"end":{"line":50,"column":5}},"type":"if","locations":[{"start":{"line":40,"column":4},"end":{"line":50,"column":5}},{"start":{"line":42,"column":11},"end":{"line":50,"column":5}}],"line":40},"14":{"loc":{"start":{"line":45,"column":6},"end":{"line":49,"column":7}},"type":"if","locations":[{"start":{"line":45,"column":6},"end":{"line":49,"column":7}},{"start":{"line":47,"column":13},"end":{"line":49,"column":7}}],"line":45},"15":{"loc":{"start":{"line":52,"column":4},"end":{"line":70,"column":5}},"type":"if","locations":[{"start":{"line":52,"column":4},"end":{"line":70,"column":5}},{"start":{"line":54,"column":11},"end":{"line":70,"column":5}}],"line":52},"16":{"loc":{"start":{"line":54,"column":11},"end":{"line":70,"column":5}},"type":"if","locations":[{"start":{"line":54,"column":11},"end":{"line":70,"column":5}},{"start":{"line":61,"column":11},"end":{"line":70,"column":5}}],"line":54},"17":{"loc":{"start":{"line":55,"column":6},"end":{"line":60,"column":7}},"type":"if","locations":[{"start":{"line":55,"column":6},"end":{"line":60,"column":7}},{"start":{"line":57,"column":13},"end":{"line":60,"column":7}}],"line":55},"18":{"loc":{"start":{"line":55,"column":10},"end":{"line":55,"column":63}},"type":"binary-expr","locations":[{"start":{"line":55,"column":11},"end":{"line":55,"column":24}},{"start":{"line":55,"column":28},"end":{"line":55,"column":43}},{"start":{"line":55,"column":48},"end":{"line":55,"column":63}}],"line":55},"19":{"loc":{"start":{"line":61,"column":11},"end":{"line":70,"column":5}},"type":"if","locations":[{"start":{"line":61,"column":11},"end":{"line":70,"column":5}},{"start":{"line":68,"column":11},"end":{"line":70,"column":5}}],"line":61},"20":{"loc":{"start":{"line":62,"column":6},"end":{"line":67,"column":7}},"type":"if","locations":[{"start":{"line":62,"column":6},"end":{"line":67,"column":7}},{"start":{"line":65,"column":13},"end":{"line":67,"column":7}}],"line":62},"21":{"loc":{"start":{"line":62,"column":10},"end":{"line":62,"column":63}},"type":"binary-expr","locations":[{"start":{"line":62,"column":11},"end":{"line":62,"column":24}},{"start":{"line":62,"column":28},"end":{"line":62,"column":43}},{"start":{"line":62,"column":48},"end":{"line":62,"column":63}}],"line":62}},"s":{"0":24,"1":2,"2":22,"3":2,"4":20,"5":2,"6":18,"7":2,"8":16,"9":16,"10":16,"11":16,"12":16,"13":16,"14":2,"15":1,"16":1,"17":1,"18":14,"19":3,"20":2,"21":1,"22":1,"23":11,"24":4,"25":2,"26":2,"27":2,"28":2,"29":1,"30":1,"31":7,"32":1,"33":6,"34":2,"35":1,"36":1,"37":1,"38":4,"39":2,"40":1,"41":1,"42":1,"43":2,"44":12,"45":12,"46":1},"f":{"0":24},"b":{"0":[2,22],"1":[24,23,22],"2":[2,20],"3":[22,21],"4":[2,18],"5":[20,19],"6":[2,16],"7":[18,17],"8":[2,14],"9":[1,1],"10":[3,11],"11":[2,1],"12":[4,7],"13":[2,2],"14":[1,1],"15":[1,6],"16":[2,4],"17":[1,1],"18":[2,1,2],"19":[2,2],"20":[1,1],"21":[2,1,2]},"_coverageSchema":"1a1c01bbd47fc00a2c39e90264f33305004495a9","hash":"a6e0eb4674e6319eedddfd40265f0f66ce01e36f"}
}
