TN:
SF:src\nextDate.js
FN:1,nextDate
FNF:1
FNH:1
FNDA:24,nextDate
DA:3,24
DA:8,2
DA:10,22
DA:11,2
DA:13,20
DA:14,2
DA:16,18
DA:17,2
DA:20,16
DA:21,16
DA:22,16
DA:23,16
DA:24,16
DA:25,16
DA:26,2
DA:27,1
DA:29,1
DA:30,1
DA:32,14
DA:33,3
DA:34,2
DA:36,1
DA:37,1
DA:39,11
DA:40,4
DA:41,2
DA:43,2
DA:44,2
DA:45,2
DA:46,1
DA:48,1
DA:52,7
DA:53,1
DA:54,6
DA:55,2
DA:56,1
DA:58,1
DA:59,1
DA:61,4
DA:62,2
DA:63,1
DA:64,1
DA:66,1
DA:69,2
DA:72,12
DA:73,12
DA:76,1
LF:47
LH:47
BRDA:3,0,0,2
BRDA:3,0,1,22
BRDA:4,1,0,24
BRDA:4,1,1,23
BRDA:4,1,2,22
BRDA:10,2,0,2
BRDA:10,2,1,20
BRDA:10,3,0,22
BRDA:10,3,1,21
BRDA:13,4,0,2
BRDA:13,4,1,18
BRDA:13,5,0,20
BRDA:13,5,1,19
BRDA:16,6,0,2
BRDA:16,6,1,16
BRDA:16,7,0,18
BRDA:16,7,1,17
BRDA:25,8,0,2
BRDA:25,8,1,14
BRDA:26,9,0,1
BRDA:26,9,1,1
BRDA:32,10,0,3
BRDA:32,10,1,11
BRDA:33,11,0,2
BRDA:33,11,1,1
BRDA:39,12,0,4
BRDA:39,12,1,7
BRDA:40,13,0,2
BRDA:40,13,1,2
BRDA:45,14,0,1
BRDA:45,14,1,1
BRDA:52,15,0,1
BRDA:52,15,1,6
BRDA:54,16,0,2
BRDA:54,16,1,4
BRDA:55,17,0,1
BRDA:55,17,1,1
BRDA:55,18,0,2
BRDA:55,18,1,1
BRDA:55,18,2,2
BRDA:61,19,0,2
BRDA:61,19,1,2
BRDA:62,20,0,1
BRDA:62,20,1,1
BRDA:62,21,0,2
BRDA:62,21,1,1
BRDA:62,21,2,2
BRF:47
BRH:47
end_of_record
