<?xml version="1.0" encoding="UTF-8"?>
<coverage generated="1759974088288" clover="3.2.0">
  <project timestamp="1759974088288" name="All files">
    <metrics statements="16" coveredstatements="10" conditionals="27" coveredconditionals="18" methods="1" coveredmethods="1" elements="44" coveredelements="29" complexity="0" loc="16" ncloc="16" packages="1" files="1" classes="1"/>
    <file name="triangle.js" path="C:\Users\siraw\Downloads\jest_workshop-900091-17598245963611\jest_workshop\src\triangle.js">
      <metrics statements="16" coveredstatements="10" conditionals="27" coveredconditionals="18" methods="1" coveredmethods="1"/>
      <line num="2" count="1" type="stmt"/>
      <line num="3" count="1" type="stmt"/>
      <line num="4" count="1" type="stmt"/>
      <line num="7" count="1" type="cond" truecount="4" falsecount="1"/>
      <line num="8" count="0" type="stmt"/>
      <line num="9" count="1" type="cond" truecount="7" falsecount="1"/>
      <line num="10" count="0" type="stmt"/>
      <line num="12" count="1" type="cond" truecount="4" falsecount="1"/>
      <line num="13" count="0" type="stmt"/>
      <line num="16" count="1" type="cond" truecount="3" falsecount="1"/>
      <line num="17" count="1" type="stmt"/>
      <line num="18" count="0" type="cond" truecount="0" falsecount="5"/>
      <line num="19" count="0" type="stmt"/>
      <line num="21" count="0" type="stmt"/>
      <line num="23" count="1" type="stmt"/>
      <line num="26" count="1" type="stmt"/>
    </file>
  </project>
</coverage>
