TN:
SF:jest_workshop\src\triangle.js
FN:1,TriangleCalculator
FNF:1
FNH:1
FNDA:1,TriangleCalculator
DA:2,1
DA:3,1
DA:4,1
DA:7,1
DA:8,0
DA:9,1
DA:10,0
DA:12,1
DA:13,0
DA:16,1
DA:17,1
DA:18,0
DA:19,0
DA:21,0
DA:23,1
DA:26,1
LF:16
LH:10
BRDA:7,0,0,0
BRDA:7,0,1,1
BRDA:7,1,0,1
BRDA:7,1,1,1
BRDA:7,1,2,1
BRDA:9,2,0,0
BRDA:9,2,1,1
BRDA:9,3,0,1
BRDA:9,3,1,1
BRDA:9,3,2,1
BRDA:9,3,3,1
BRDA:9,3,4,1
BRDA:9,3,5,1
BRDA:12,4,0,0
BRDA:12,4,1,1
BRDA:12,5,0,1
BRDA:12,5,1,1
BRDA:12,5,2,1
BRDA:16,6,0,1
BRDA:16,6,1,0
BRDA:16,7,0,1
BRDA:16,7,1,1
BRDA:18,8,0,0
BRDA:18,8,1,0
BRDA:18,9,0,0
BRDA:18,9,1,0
BRDA:18,9,2,0
BRF:27
BRH:18
end_of_record
